<?xml version="1.0" encoding="UTF-8"?>
<!-- Generated by org.testng.reporters.JUnitReportReporter -->
<testsuite hostname="GLENN" name="com.obsqura.ProjectServiceApp.OrderAndReparationsPagesTest" tests="8" failures="0" timestamp="24 Jan 2023 16:08:12 GMT" time="111.306" errors="0">
  <testcase name="verifyClickOnAddReparationButton" time="12.814" classname="com.obsqura.ProjectServiceApp.OrderAndReparationsPagesTest"/>
  <testcase name="verifyClickOnCompletedRepairsTab" time="11.809" classname="com.obsqura.ProjectServiceApp.OrderAndReparationsPagesTest"/>
  <testcase name="verifyClickOnNextButtonByScrollingDown" time="14.474" classname="com.obsqura.ProjectServiceApp.OrderAndReparationsPagesTest"/>
  <testcase name="verifyClickOnFilterIcon" time="11.200" classname="com.obsqura.ProjectServiceApp.OrderAndReparationsPagesTest"/>
  <testcase name="verifyClickOnAddReparationWindowCloseButton" time="12.732" classname="com.obsqura.ProjectServiceApp.OrderAndReparationsPagesTest"/>
  <testcase name="verifyClickOnExcelButton" time="14.767" classname="com.obsqura.ProjectServiceApp.OrderAndReparationsPagesTest"/>
  <testcase name="verifyEnterDetailsInFilter" time="16.719" classname="com.obsqura.ProjectServiceApp.OrderAndReparationsPagesTest"/>
  <testcase name="verifyClickOnPdfButton" time="16.791" classname="com.obsqura.ProjectServiceApp.OrderAndReparationsPagesTest"/>
</testsuite> <!-- com.obsqura.ProjectServiceApp.OrderAndReparationsPagesTest -->
