<?xml version="1.0" encoding="UTF-8"?>
<!-- Generated by org.testng.reporters.JUnitReportReporter -->
<testsuite hostname="GLENN" name="com.obsqura.ProjectServiceApp.InventoryPageTest" tests="2" failures="0" timestamp="24 Jan 2023 16:08:12 GMT" time="20.512" errors="0">
  <testcase name="verifyClickOnImage" time="10.831" classname="com.obsqura.ProjectServiceApp.InventoryPageTest"/>
  <testcase name="verifyClickOnShow" time="9.681" classname="com.obsqura.ProjectServiceApp.InventoryPageTest"/>
</testsuite> <!-- com.obsqura.ProjectServiceApp.InventoryPageTest -->
