<?xml version="1.0" encoding="UTF-8"?>
<!-- Generated by org.testng.reporters.JUnitReportReporter -->
<testsuite hostname="GLENN" name="com.obsqura.ProjectServiceApp.LoginPageTest" tests="1" failures="0" timestamp="25 Jan 2023 03:45:44 GMT" time="13.239" errors="0">
  <testcase name="verifyLoginWithValidUserNameAndPassword" time="13.239" classname="com.obsqura.ProjectServiceApp.LoginPageTest"/>
</testsuite> <!-- com.obsqura.ProjectServiceApp.LoginPageTest -->
